This is e-pTeX, Version 3.14159265-p3.8.2-190131-2.6 (utf8.euc) (TeX Live 2019) (preloaded format=platex 2020.4.4)  7 AUG 2021 01:07
entering extended mode
 restricted \write18 enabled.
 %&-line parsing enabled.
**ind_steps.tex
(./ind_steps.tex
pLaTeX2e <2019-04-06> (based on LaTeX2e <2018-12-01>)

! LaTeX Error: Environment tikz undefined.

See the LaTeX manual or LaTeX Companion for explanation.
Type  H <return>  for immediate help.
 ...                                              
                                                  
l.2 \begin{tikz}
                 
Here is how much of TeX's memory you used:
 5 strings out of 493223
 185 string characters out of 6144416
 62055 words of memory out of 5000000
 4096 multiletter control sequences out of 15000+600000
 7511 words of font info for 31 fonts, out of 8000000 for 9000
 929 hyphenation exceptions out of 8191
 5i,0n,4p,33b,16s stack positions out of 5000i,500n,10000p,200000b,80000s

No pages of output.
